<?xml version="1.0" encoding="UTF-8"?>
<Site BuildName="(empty)"
	BuildStamp="20250304-0723-Experimental"
	Name="(empty)"
	Generator="ctest-3.27.4"
	CompilerName=""
	CompilerVersion=""
	OSName="Linux"
	Hostname="dmitry-pc"
	OSRelease="5.15.0-131-generic"
	OSVersion="#141~20.04.1-Ubuntu SMP Thu Jan 16 18:38:51 UTC 2025"
	OSPlatform="x86_64"
	Is64Bits="1"
	VendorString="GenuineIntel"
	VendorID="Intel Corporation"
	FamilyID="6"
	ModelID="158"
	ProcessorCacheSize="6144"
	NumberOfLogicalCPU="8"
	NumberOfPhysicalCPU="4"
	TotalVirtualMemory="16211"
	TotalPhysicalMemory="7821"
	LogicalProcessorsPerPhysical="2"
	ProcessorClockFrequency="1759.12"
	>
	<Testing>
		<StartDateTime>Mar 04 14:21 MSK</StartDateTime>
		<StartTestTime>1741087275</StartTestTime>
		<TestList/>
		<EndDateTime>Mar 04 14:21 MSK</EndDateTime>
		<EndTestTime>1741087275</EndTestTime>
		<ElapsedMinutes>0</ElapsedMinutes>
	</Testing>
</Site>
