<?xml version="1.0" encoding="UTF-8"?>
<Site BuildName="(empty)"
	BuildStamp="20250306-2016-Experimental"
	Name="(empty)"
	Generator="ctest-3.27.4"
	CompilerName=""
	CompilerVersion=""
	OSName="Linux"
	Hostname="dmitry-pc"
	OSRelease="5.15.0-134-generic"
	OSVersion="#145~20.04.1-Ubuntu SMP Mon Feb 17 13:27:16 UTC 2025"
	OSPlatform="x86_64"
	Is64Bits="1"
	VendorString="GenuineIntel"
	VendorID="Intel Corporation"
	FamilyID="6"
	ModelID="158"
	ProcessorCacheSize="6144"
	NumberOfLogicalCPU="8"
	NumberOfPhysicalCPU="4"
	TotalVirtualMemory="16211"
	TotalPhysicalMemory="7821"
	LogicalProcessorsPerPhysical="2"
	ProcessorClockFrequency="1959.94"
	>
	<Testing>
		<StartDateTime>Mar 06 23:16 MSK</StartDateTime>
		<StartTestTime>1741292184</StartTestTime>
		<TestList/>
		<EndDateTime>Mar 06 23:16 MSK</EndDateTime>
		<EndTestTime>1741292184</EndTestTime>
		<ElapsedMinutes>0</ElapsedMinutes>
	</Testing>
</Site>
